[2020-09-12T10:22:28.987] [INFO] access - ::1 - - "POST /api/test HTTP/1.1" 200 1722 "" "PostmanRuntime/3.0.11-hotfix.2"
[2020-09-12T10:22:52.454] [INFO] access - ::1 - - "POST /api/test HTTP/1.1" 200 1722 "" "PostmanRuntime/3.0.11-hotfix.2"
[2020-09-12T10:25:24.580] [INFO] access - ::1 - - "POST /api/test HTTP/1.1" 200 1722 "" "PostmanRuntime/3.0.11-hotfix.2"
[2020-09-12T10:27:57.353] [INFO] access - ::1 - - "POST /api/test HTTP/1.1" 200 1639 "" "PostmanRuntime/3.0.11-hotfix.2"
[2020-09-12T10:46:46.706] [INFO] access - ::1 - - "POST /api/test HTTP/1.1" 200 1639 "" "PostmanRuntime/3.0.11-hotfix.2"
[2020-09-12T10:48:19.605] [INFO] access - ::1 - - "POST /api/test HTTP/1.1" 200 1639 "" "PostmanRuntime/3.0.11-hotfix.2"
[2020-09-12T10:49:10.943] [INFO] access - ::1 - - "POST /api/test HTTP/1.1" 200 1639 "" "PostmanRuntime/3.0.11-hotfix.2"
[2020-09-12T10:50:32.945] [INFO] access - ::1 - - "POST /api/test HTTP/1.1" 200 1639 "" "PostmanRuntime/3.0.11-hotfix.2"
[2020-09-12T10:53:11.908] [INFO] access - ::1 - - "POST /api/test HTTP/1.1" 200 2835 "" "PostmanRuntime/3.0.11-hotfix.2"
[2020-09-12T11:15:49.333] [INFO] access - ::1 - - "POST /api/test HTTP/1.1" 200 2835 "" "PostmanRuntime/3.0.11-hotfix.2"
[2020-09-12T11:16:39.936] [INFO] access - ::1 - - "POST /api/test HTTP/1.1" 200 2835 "" "PostmanRuntime/3.0.11-hotfix.2"
[2020-09-12T11:17:46.329] [INFO] access - ::1 - - "POST /api/test HTTP/1.1" 200 2835 "" "PostmanRuntime/3.0.11-hotfix.2"
[2020-09-12T11:33:40.562] [INFO] access - ::1 - - "POST /api/test HTTP/1.1" 200 2835 "" "PostmanRuntime/3.0.11-hotfix.2"
[2020-09-12T12:22:09.392] [INFO] access - ::1 - - "POST /api/test HTTP/1.1" 200 2835 "" "PostmanRuntime/3.0.11-hotfix.2"
[2020-09-12T12:24:50.560] [INFO] access - ::1 - - "POST /api/test HTTP/1.1" 200 2835 "" "PostmanRuntime/3.0.11-hotfix.2"
[2020-09-12T12:26:19.602] [INFO] access - ::1 - - "POST /api/test HTTP/1.1" 200 2835 "" "PostmanRuntime/3.0.11-hotfix.2"
[2020-09-12T12:26:47.463] [INFO] access - ::1 - - "POST /api/test HTTP/1.1" 200 2835 "" "PostmanRuntime/3.0.11-hotfix.2"
[2020-09-12T12:28:01.570] [INFO] access - ::1 - - "POST /api/test HTTP/1.1" 200 2835 "" "PostmanRuntime/3.0.11-hotfix.2"
[2020-09-12T12:28:32.516] [INFO] access - ::1 - - "POST /api/test HTTP/1.1" 200 2835 "" "PostmanRuntime/3.0.11-hotfix.2"
[2020-09-12T12:31:20.927] [INFO] access - ::1 - - "POST /api/test HTTP/1.1" 200 177 "" "PostmanRuntime/3.0.11-hotfix.2"
[2020-09-12T12:33:04.360] [INFO] access - ::1 - - "POST /api/test HTTP/1.1" 200 177 "" "PostmanRuntime/3.0.11-hotfix.2"
[2020-09-12T15:53:25.163] [INFO] access - ::ffff:127.0.0.1 - - "POST /api/saveList HTTP/1.1" 200 1383 "" "node-fetch/1.0 (+https://github.com/bitinn/node-fetch)"
[2020-09-12T15:56:42.245] [INFO] access - ::ffff:127.0.0.1 - - "POST /api/saveList HTTP/1.1" 200 1383 "" "node-fetch/1.0 (+https://github.com/bitinn/node-fetch)"
[2020-09-12T15:58:50.986] [INFO] access - ::ffff:127.0.0.1 - - "POST /api/saveList HTTP/1.1" 200 1383 "" "node-fetch/1.0 (+https://github.com/bitinn/node-fetch)"
[2020-09-12T16:00:54.939] [INFO] access - ::ffff:127.0.0.1 - - "POST /api/saveList HTTP/1.1" 200 1383 "" "node-fetch/1.0 (+https://github.com/bitinn/node-fetch)"
[2020-09-12T16:07:44.656] [INFO] access - ::1 - - "POST /api/test HTTP/1.1" 200 36 "" "PostmanRuntime/3.0.11-hotfix.2"
[2020-09-12T16:08:52.688] [INFO] access - ::1 - - "POST /api/test HTTP/1.1" 200 2418 "" "PostmanRuntime/3.0.11-hotfix.2"
[2020-09-12T16:09:22.666] [INFO] access - ::1 - - "POST /api/test HTTP/1.1" 200 2418 "" "PostmanRuntime/3.0.11-hotfix.2"
[2020-09-12T16:10:50.936] [INFO] access - ::1 - - "POST /api/test HTTP/1.1" 200 2418 "" "PostmanRuntime/3.0.11-hotfix.2"
[2020-09-12T16:14:02.369] [INFO] access - ::ffff:127.0.0.1 - - "POST /api/saveList HTTP/1.1" 200 50 "" "node-fetch/1.0 (+https://github.com/bitinn/node-fetch)"
[2020-09-12T16:17:14.588] [INFO] access - ::ffff:127.0.0.1 - - "POST /api/saveList HTTP/1.1" 200 50 "" "node-fetch/1.0 (+https://github.com/bitinn/node-fetch)"
[2020-09-12T16:18:59.725] [INFO] access - ::ffff:127.0.0.1 - - "POST /api/test HTTP/1.1" 200 35 "" "node-fetch/1.0 (+https://github.com/bitinn/node-fetch)"
[2020-09-12T16:20:54.273] [INFO] access - ::ffff:127.0.0.1 - - "POST /api/saveList HTTP/1.1" 200 1383 "" "node-fetch/1.0 (+https://github.com/bitinn/node-fetch)"
[2020-09-12T16:26:33.669] [INFO] access - ::ffff:127.0.0.1 - - "POST /api/saveList HTTP/1.1" 200 1383 "" "node-fetch/1.0 (+https://github.com/bitinn/node-fetch)"
[2020-09-12T16:28:01.641] [INFO] access - ::ffff:127.0.0.1 - - "POST /api/saveList HTTP/1.1" 200 1383 "" "node-fetch/1.0 (+https://github.com/bitinn/node-fetch)"
[2020-09-12T16:31:12.399] [INFO] access - ::ffff:127.0.0.1 - - "POST /api/saveList HTTP/1.1" 200 50 "" "node-fetch/1.0 (+https://github.com/bitinn/node-fetch)"
[2020-09-12T16:37:44.875] [INFO] access - ::ffff:127.0.0.1 - - "POST /api/saveList HTTP/1.1" 200 50 "" "node-fetch/1.0 (+https://github.com/bitinn/node-fetch)"
[2020-09-12T16:46:02.585] [INFO] access - ::1 - - "POST /api/getDataList HTTP/1.1" 200 38 "" "PostmanRuntime/3.0.11-hotfix.2"
[2020-09-12T16:47:00.744] [INFO] access - ::1 - - "POST /api/getDataList HTTP/1.1" 200 38 "" "PostmanRuntime/3.0.11-hotfix.2"
[2020-09-12T16:52:31.534] [INFO] access - ::ffff:127.0.0.1 - - "POST /api/test HTTP/1.1" 200 2418 "" "node-fetch/1.0 (+https://github.com/bitinn/node-fetch)"
[2020-09-12T16:59:20.873] [INFO] access - ::1 - - "POST /api/getDataList HTTP/1.1" 200 38 "" "PostmanRuntime/3.0.11-hotfix.2"
[2020-09-12T17:00:17.405] [INFO] access - ::1 - - "POST /api/getDataList HTTP/1.1" 200 38 "" "PostmanRuntime/3.0.11-hotfix.2"
[2020-09-12T17:00:40.882] [INFO] access - ::1 - - "POST /api/getDataList HTTP/1.1" 200 38 "" "PostmanRuntime/3.0.11-hotfix.2"
[2020-09-12T17:00:47.969] [INFO] access - ::1 - - "POST /api/getDataList HTTP/1.1" 200 38 "" "PostmanRuntime/3.0.11-hotfix.2"
[2020-09-12T17:01:57.010] [INFO] access - ::1 - - "POST /api/getDataList HTTP/1.1" 200 38 "" "PostmanRuntime/3.0.11-hotfix.2"
[2020-09-12T17:05:07.191] [INFO] access - ::1 - - "POST /api/getDataList HTTP/1.1" 200 38 "" "PostmanRuntime/3.0.11-hotfix.2"
[2020-09-12T17:05:09.933] [INFO] access - ::1 - - "POST /api/getDataList HTTP/1.1" 200 38 "" "PostmanRuntime/3.0.11-hotfix.2"
[2020-09-12T17:05:10.838] [INFO] access - ::1 - - "POST /api/getDataList HTTP/1.1" 200 38 "" "PostmanRuntime/3.0.11-hotfix.2"
[2020-09-12T17:08:13.105] [INFO] access - ::1 - - "POST /api/getDataList HTTP/1.1" 200 38 "" "PostmanRuntime/3.0.11-hotfix.2"
[2020-09-12T17:10:24.464] [INFO] access - ::ffff:127.0.0.1 - - "POST /api/saveList HTTP/1.1" 200 50 "" "node-fetch/1.0 (+https://github.com/bitinn/node-fetch)"
[2020-09-12T17:10:49.817] [INFO] access - ::1 - - "POST /api/getDataList HTTP/1.1" 200 4442 "" "PostmanRuntime/3.0.11-hotfix.2"
[2020-09-12T17:11:35.078] [INFO] access - ::1 - - "POST /api/getDataList HTTP/1.1" 200 38 "" "PostmanRuntime/3.0.11-hotfix.2"
[2020-09-12T17:11:59.185] [INFO] access - ::1 - - "POST /api/getDataList HTTP/1.1" 200 38 "" "PostmanRuntime/3.0.11-hotfix.2"
[2020-09-12T17:14:23.328] [INFO] access - ::ffff:127.0.0.1 - - "POST /api/saveList HTTP/1.1" 200 50 "" "node-fetch/1.0 (+https://github.com/bitinn/node-fetch)"
[2020-09-12T17:14:36.630] [INFO] access - ::1 - - "POST /api/getDataList HTTP/1.1" 200 6342 "" "PostmanRuntime/3.0.11-hotfix.2"
[2020-09-12T17:15:49.828] [INFO] access - ::1 - - "POST /api/getDataList HTTP/1.1" 200 38 "" "PostmanRuntime/3.0.11-hotfix.2"
[2020-09-12T17:16:43.013] [INFO] access - ::1 - - "POST /api/getDataList HTTP/1.1" 200 38 "" "PostmanRuntime/3.0.11-hotfix.2"
[2020-09-12T17:17:02.135] [INFO] access - ::1 - - "POST /api/getDataList HTTP/1.1" 200 38 "" "PostmanRuntime/3.0.11-hotfix.2"
[2020-09-12T17:18:27.714] [INFO] access - ::1 - - "POST /api/getDataList HTTP/1.1" 200 38 "" "PostmanRuntime/3.0.11-hotfix.2"
[2020-09-12T17:18:30.237] [INFO] access - ::1 - - "POST /api/getDataList HTTP/1.1" 200 38 "" "PostmanRuntime/3.0.11-hotfix.2"
[2020-09-12T17:20:27.789] [INFO] access - ::ffff:127.0.0.1 - - "POST /api/saveList HTTP/1.1" 200 50 "" "node-fetch/1.0 (+https://github.com/bitinn/node-fetch)"
[2020-09-12T17:20:33.056] [INFO] access - ::1 - - "POST /api/getDataList HTTP/1.1" 200 61639 "" "PostmanRuntime/3.0.11-hotfix.2"
[2020-09-12T17:21:24.621] [INFO] access - ::1 - - "POST /api/getDataList HTTP/1.1" 200 38 "" "PostmanRuntime/3.0.11-hotfix.2"
[2020-09-12T17:26:39.591] [INFO] access - ::ffff:127.0.0.1 - - "POST /api/saveList HTTP/1.1" 200 50 "" "node-fetch/1.0 (+https://github.com/bitinn/node-fetch)"
[2020-09-12T17:26:43.613] [INFO] access - ::1 - - "POST /api/getDataList HTTP/1.1" 200 61639 "" "PostmanRuntime/3.0.11-hotfix.2"
[2020-09-12T17:26:46.896] [INFO] access - ::1 - - "POST /api/getDataList HTTP/1.1" 200 61639 "" "PostmanRuntime/3.0.11-hotfix.2"
[2020-09-12T17:26:47.879] [INFO] access - ::1 - - "POST /api/getDataList HTTP/1.1" 200 61639 "" "PostmanRuntime/3.0.11-hotfix.2"
[2020-09-12T17:26:48.600] [INFO] access - ::1 - - "POST /api/getDataList HTTP/1.1" 200 61639 "" "PostmanRuntime/3.0.11-hotfix.2"
[2020-09-12T17:27:01.630] [INFO] access - ::1 - - "POST /api/getDataList HTTP/1.1" 200 61639 "" "PostmanRuntime/3.0.11-hotfix.2"
[2020-09-12T17:27:54.229] [INFO] access - ::1 - - "POST /api/getDataList HTTP/1.1" 200 61639 "" "PostmanRuntime/3.0.11-hotfix.2"
[2020-09-12T20:10:58.443] [INFO] access - ::1 - - "OPTIONS /api/getDataList HTTP/1.1" 204 - "http://localhost:8080/" "Mozilla/5.0 (Macintosh; Intel Mac OS X 10_12_2) AppleWebKit/537.36 (KHTML, like Gecko) Chrome/85.0.4183.102 Safari/537.36"
[2020-09-12T20:10:58.469] [INFO] access - ::1 - - "POST /api/getDataList HTTP/1.1" 200 38 "http://localhost:8080/" "Mozilla/5.0 (Macintosh; Intel Mac OS X 10_12_2) AppleWebKit/537.36 (KHTML, like Gecko) Chrome/85.0.4183.102 Safari/537.36"
[2020-09-12T20:11:12.759] [INFO] access - ::1 - - "OPTIONS /api/getDataList HTTP/1.1" 204 - "http://localhost:8080/" "Mozilla/5.0 (Macintosh; Intel Mac OS X 10_12_2) AppleWebKit/537.36 (KHTML, like Gecko) Chrome/85.0.4183.102 Safari/537.36"
[2020-09-12T20:11:12.772] [INFO] access - ::1 - - "POST /api/getDataList HTTP/1.1" 200 38 "http://localhost:8080/" "Mozilla/5.0 (iPhone; CPU iPhone OS 13_2_3 like Mac OS X) AppleWebKit/605.1.15 (KHTML, like Gecko) Version/13.0.3 Mobile/15E148 Safari/604.1"
[2020-09-12T20:12:12.546] [INFO] access - ::1 - - "OPTIONS /api/getDataList HTTP/1.1" 204 - "http://localhost:8080/" "Mozilla/5.0 (Macintosh; Intel Mac OS X 10_12_2) AppleWebKit/537.36 (KHTML, like Gecko) Chrome/85.0.4183.102 Safari/537.36"
[2020-09-12T20:12:12.673] [INFO] access - ::1 - - "POST /api/getDataList HTTP/1.1" 200 61639 "http://localhost:8080/" "Mozilla/5.0 (iPhone; CPU iPhone OS 13_2_3 like Mac OS X) AppleWebKit/605.1.15 (KHTML, like Gecko) Version/13.0.3 Mobile/15E148 Safari/604.1"
[2020-09-12T20:12:16.939] [INFO] access - ::1 - - "POST /api/getDataList HTTP/1.1" 200 61639 "http://localhost:8080/" "Mozilla/5.0 (iPhone; CPU iPhone OS 13_2_3 like Mac OS X) AppleWebKit/605.1.15 (KHTML, like Gecko) Version/13.0.3 Mobile/15E148 Safari/604.1"
[2020-09-12T20:15:15.287] [INFO] access - ::1 - - "OPTIONS /api/getDataList HTTP/1.1" 204 - "http://localhost:8080/" "Mozilla/5.0 (Macintosh; Intel Mac OS X 10_12_2) AppleWebKit/537.36 (KHTML, like Gecko) Chrome/85.0.4183.102 Safari/537.36"
[2020-09-12T20:15:15.339] [INFO] access - ::1 - - "POST /api/getDataList HTTP/1.1" 200 61639 "http://localhost:8080/" "Mozilla/5.0 (iPhone; CPU iPhone OS 13_2_3 like Mac OS X) AppleWebKit/605.1.15 (KHTML, like Gecko) Version/13.0.3 Mobile/15E148 Safari/604.1"
[2020-09-12T20:20:20.019] [INFO] access - ::1 - - "OPTIONS /api/getDataList HTTP/1.1" 204 - "http://localhost:8080/" "Mozilla/5.0 (Macintosh; Intel Mac OS X 10_12_2) AppleWebKit/537.36 (KHTML, like Gecko) Chrome/85.0.4183.102 Safari/537.36"
[2020-09-12T20:20:20.053] [INFO] access - ::1 - - "POST /api/getDataList HTTP/1.1" 200 61639 "http://localhost:8080/" "Mozilla/5.0 (iPhone; CPU iPhone OS 13_2_3 like Mac OS X) AppleWebKit/605.1.15 (KHTML, like Gecko) Version/13.0.3 Mobile/15E148 Safari/604.1"
[2020-09-12T20:20:43.595] [INFO] access - ::1 - - "OPTIONS /api/getDataList HTTP/1.1" 204 - "http://localhost:8080/" "Mozilla/5.0 (Macintosh; Intel Mac OS X 10_12_2) AppleWebKit/537.36 (KHTML, like Gecko) Chrome/85.0.4183.102 Safari/537.36"
[2020-09-12T20:20:43.644] [INFO] access - ::1 - - "POST /api/getDataList HTTP/1.1" 200 61639 "http://localhost:8080/" "Mozilla/5.0 (iPhone; CPU iPhone OS 13_2_3 like Mac OS X) AppleWebKit/605.1.15 (KHTML, like Gecko) Version/13.0.3 Mobile/15E148 Safari/604.1"
[2020-09-12T20:20:48.067] [INFO] access - ::1 - - "POST /api/getDataList HTTP/1.1" 200 61639 "http://localhost:8080/" "Mozilla/5.0 (iPhone; CPU iPhone OS 13_2_3 like Mac OS X) AppleWebKit/605.1.15 (KHTML, like Gecko) Version/13.0.3 Mobile/15E148 Safari/604.1"
[2020-09-12T20:21:42.374] [INFO] access - ::1 - - "OPTIONS /api/getDataList HTTP/1.1" 204 - "http://localhost:8080/" "Mozilla/5.0 (Macintosh; Intel Mac OS X 10_12_2) AppleWebKit/537.36 (KHTML, like Gecko) Chrome/85.0.4183.102 Safari/537.36"
[2020-09-12T20:21:42.414] [INFO] access - ::1 - - "POST /api/getDataList HTTP/1.1" 200 61639 "http://localhost:8080/" "Mozilla/5.0 (iPhone; CPU iPhone OS 13_2_3 like Mac OS X) AppleWebKit/605.1.15 (KHTML, like Gecko) Version/13.0.3 Mobile/15E148 Safari/604.1"
[2020-09-12T20:21:46.326] [INFO] access - ::1 - - "POST /api/getDataList HTTP/1.1" 200 61639 "http://localhost:8080/" "Mozilla/5.0 (iPhone; CPU iPhone OS 13_2_3 like Mac OS X) AppleWebKit/605.1.15 (KHTML, like Gecko) Version/13.0.3 Mobile/15E148 Safari/604.1"
[2020-09-12T20:21:49.107] [INFO] access - ::1 - - "OPTIONS /api/getDataList HTTP/1.1" 204 - "http://localhost:8080/" "Mozilla/5.0 (Macintosh; Intel Mac OS X 10_12_2) AppleWebKit/537.36 (KHTML, like Gecko) Chrome/85.0.4183.102 Safari/537.36"
[2020-09-12T20:21:49.143] [INFO] access - ::1 - - "POST /api/getDataList HTTP/1.1" 200 61639 "http://localhost:8080/" "Mozilla/5.0 (iPhone; CPU iPhone OS 13_2_3 like Mac OS X) AppleWebKit/605.1.15 (KHTML, like Gecko) Version/13.0.3 Mobile/15E148 Safari/604.1"
[2020-09-12T20:22:51.602] [INFO] access - ::1 - - "OPTIONS /api/getDataList HTTP/1.1" 204 - "http://localhost:8080/" "Mozilla/5.0 (Macintosh; Intel Mac OS X 10_12_2) AppleWebKit/537.36 (KHTML, like Gecko) Chrome/85.0.4183.102 Safari/537.36"
[2020-09-12T20:22:51.710] [INFO] access - ::1 - - "POST /api/getDataList HTTP/1.1" 200 61640 "http://localhost:8080/" "Mozilla/5.0 (iPhone; CPU iPhone OS 13_2_3 like Mac OS X) AppleWebKit/605.1.15 (KHTML, like Gecko) Version/13.0.3 Mobile/15E148 Safari/604.1"
[2020-09-12T20:22:56.041] [INFO] access - ::1 - - "POST /api/getDataList HTTP/1.1" 200 61640 "http://localhost:8080/" "Mozilla/5.0 (iPhone; CPU iPhone OS 13_2_3 like Mac OS X) AppleWebKit/605.1.15 (KHTML, like Gecko) Version/13.0.3 Mobile/15E148 Safari/604.1"
[2020-09-12T20:23:34.911] [INFO] access - ::1 - - "OPTIONS /api/getDataList HTTP/1.1" 204 - "http://localhost:8080/" "Mozilla/5.0 (Macintosh; Intel Mac OS X 10_12_2) AppleWebKit/537.36 (KHTML, like Gecko) Chrome/85.0.4183.102 Safari/537.36"
[2020-09-12T20:23:34.992] [INFO] access - ::1 - - "POST /api/getDataList HTTP/1.1" 200 61640 "http://localhost:8080/" "Mozilla/5.0 (iPhone; CPU iPhone OS 13_2_3 like Mac OS X) AppleWebKit/605.1.15 (KHTML, like Gecko) Version/13.0.3 Mobile/15E148 Safari/604.1"
[2020-09-12T20:23:42.827] [INFO] access - ::1 - - "OPTIONS /api/getDataList HTTP/1.1" 204 - "http://localhost:8080/" "Mozilla/5.0 (Macintosh; Intel Mac OS X 10_12_2) AppleWebKit/537.36 (KHTML, like Gecko) Chrome/85.0.4183.102 Safari/537.36"
[2020-09-12T20:23:42.866] [INFO] access - ::1 - - "POST /api/getDataList HTTP/1.1" 200 61640 "http://localhost:8080/" "Mozilla/5.0 (iPhone; CPU iPhone OS 13_2_3 like Mac OS X) AppleWebKit/605.1.15 (KHTML, like Gecko) Version/13.0.3 Mobile/15E148 Safari/604.1"
[2020-09-12T20:24:32.543] [INFO] access - ::1 - - "OPTIONS /api/getDataList HTTP/1.1" 204 - "http://localhost:8080/" "Mozilla/5.0 (Macintosh; Intel Mac OS X 10_12_2) AppleWebKit/537.36 (KHTML, like Gecko) Chrome/85.0.4183.102 Safari/537.36"
[2020-09-12T20:24:32.591] [INFO] access - ::1 - - "POST /api/getDataList HTTP/1.1" 200 61640 "http://localhost:8080/" "Mozilla/5.0 (iPhone; CPU iPhone OS 13_2_3 like Mac OS X) AppleWebKit/605.1.15 (KHTML, like Gecko) Version/13.0.3 Mobile/15E148 Safari/604.1"
[2020-09-12T20:24:36.542] [INFO] access - ::1 - - "POST /api/getDataList HTTP/1.1" 200 61640 "http://localhost:8080/" "Mozilla/5.0 (iPhone; CPU iPhone OS 13_2_3 like Mac OS X) AppleWebKit/605.1.15 (KHTML, like Gecko) Version/13.0.3 Mobile/15E148 Safari/604.1"
[2020-09-12T20:24:47.948] [INFO] access - ::1 - - "OPTIONS /api/getDataList HTTP/1.1" 204 - "http://localhost:8080/" "Mozilla/5.0 (Macintosh; Intel Mac OS X 10_12_2) AppleWebKit/537.36 (KHTML, like Gecko) Chrome/85.0.4183.102 Safari/537.36"
[2020-09-12T20:24:48.001] [INFO] access - ::1 - - "POST /api/getDataList HTTP/1.1" 200 61640 "http://localhost:8080/" "Mozilla/5.0 (iPhone; CPU iPhone OS 13_2_3 like Mac OS X) AppleWebKit/605.1.15 (KHTML, like Gecko) Version/13.0.3 Mobile/15E148 Safari/604.1"
[2020-09-12T20:24:53.155] [INFO] access - ::1 - - "OPTIONS /api/getDataList HTTP/1.1" 204 - "http://localhost:8080/" "Mozilla/5.0 (Macintosh; Intel Mac OS X 10_12_2) AppleWebKit/537.36 (KHTML, like Gecko) Chrome/85.0.4183.102 Safari/537.36"
[2020-09-12T20:24:53.187] [INFO] access - ::1 - - "POST /api/getDataList HTTP/1.1" 200 61640 "http://localhost:8080/" "Mozilla/5.0 (iPhone; CPU iPhone OS 13_2_3 like Mac OS X) AppleWebKit/605.1.15 (KHTML, like Gecko) Version/13.0.3 Mobile/15E148 Safari/604.1"
[2020-09-12T20:25:16.300] [INFO] access - ::1 - - "OPTIONS /api/getDataList HTTP/1.1" 204 - "http://localhost:8080/" "Mozilla/5.0 (Macintosh; Intel Mac OS X 10_12_2) AppleWebKit/537.36 (KHTML, like Gecko) Chrome/85.0.4183.102 Safari/537.36"
[2020-09-12T20:25:16.359] [INFO] access - ::1 - - "POST /api/getDataList HTTP/1.1" 200 61640 "http://localhost:8080/" "Mozilla/5.0 (iPhone; CPU iPhone OS 13_2_3 like Mac OS X) AppleWebKit/605.1.15 (KHTML, like Gecko) Version/13.0.3 Mobile/15E148 Safari/604.1"
[2020-09-12T20:25:19.407] [INFO] access - ::1 - - "POST /api/getDataList HTTP/1.1" 200 61640 "http://localhost:8080/" "Mozilla/5.0 (iPhone; CPU iPhone OS 13_2_3 like Mac OS X) AppleWebKit/605.1.15 (KHTML, like Gecko) Version/13.0.3 Mobile/15E148 Safari/604.1"
[2020-09-12T20:26:06.194] [INFO] access - ::1 - - "OPTIONS /api/getDataList HTTP/1.1" 204 - "http://localhost:8080/" "Mozilla/5.0 (Macintosh; Intel Mac OS X 10_12_2) AppleWebKit/537.36 (KHTML, like Gecko) Chrome/85.0.4183.102 Safari/537.36"
[2020-09-12T20:26:06.222] [INFO] access - ::1 - - "POST /api/getDataList HTTP/1.1" 200 61640 "http://localhost:8080/" "Mozilla/5.0 (iPhone; CPU iPhone OS 13_2_3 like Mac OS X) AppleWebKit/605.1.15 (KHTML, like Gecko) Version/13.0.3 Mobile/15E148 Safari/604.1"
[2020-09-12T20:26:11.238] [INFO] access - ::1 - - "OPTIONS /api/getDataList HTTP/1.1" 204 - "http://localhost:8080/" "Mozilla/5.0 (Macintosh; Intel Mac OS X 10_12_2) AppleWebKit/537.36 (KHTML, like Gecko) Chrome/85.0.4183.102 Safari/537.36"
[2020-09-12T20:26:11.271] [INFO] access - ::1 - - "POST /api/getDataList HTTP/1.1" 200 61640 "http://localhost:8080/" "Mozilla/5.0 (iPhone; CPU iPhone OS 13_2_3 like Mac OS X) AppleWebKit/605.1.15 (KHTML, like Gecko) Version/13.0.3 Mobile/15E148 Safari/604.1"
[2020-09-12T20:32:07.881] [INFO] access - ::1 - - "OPTIONS /api/getDataList HTTP/1.1" 204 - "http://localhost:8080/" "Mozilla/5.0 (Macintosh; Intel Mac OS X 10_12_2) AppleWebKit/537.36 (KHTML, like Gecko) Chrome/85.0.4183.102 Safari/537.36"
[2020-09-12T20:32:07.920] [INFO] access - ::1 - - "POST /api/getDataList HTTP/1.1" 200 61640 "http://localhost:8080/" "Mozilla/5.0 (iPhone; CPU iPhone OS 13_2_3 like Mac OS X) AppleWebKit/605.1.15 (KHTML, like Gecko) Version/13.0.3 Mobile/15E148 Safari/604.1"
[2020-09-12T20:35:49.289] [INFO] access - ::1 - - "OPTIONS /api/getDataList HTTP/1.1" 204 - "http://localhost:8080/" "Mozilla/5.0 (Macintosh; Intel Mac OS X 10_12_2) AppleWebKit/537.36 (KHTML, like Gecko) Chrome/85.0.4183.102 Safari/537.36"
[2020-09-12T20:35:49.315] [INFO] access - ::1 - - "POST /api/getDataList HTTP/1.1" 200 61640 "http://localhost:8080/" "Mozilla/5.0 (iPhone; CPU iPhone OS 13_2_3 like Mac OS X) AppleWebKit/605.1.15 (KHTML, like Gecko) Version/13.0.3 Mobile/15E148 Safari/604.1"
[2020-09-12T20:41:13.845] [INFO] access - ::1 - - "OPTIONS /api/getDataList HTTP/1.1" 204 - "http://localhost:8080/" "Mozilla/5.0 (Macintosh; Intel Mac OS X 10_12_2) AppleWebKit/537.36 (KHTML, like Gecko) Chrome/85.0.4183.102 Safari/537.36"
[2020-09-12T20:41:13.878] [INFO] access - ::1 - - "POST /api/getDataList HTTP/1.1" 200 61640 "http://localhost:8080/" "Mozilla/5.0 (iPhone; CPU iPhone OS 13_2_3 like Mac OS X) AppleWebKit/605.1.15 (KHTML, like Gecko) Version/13.0.3 Mobile/15E148 Safari/604.1"
[2020-09-12T20:41:34.965] [INFO] access - ::1 - - "OPTIONS /api/getDataList HTTP/1.1" 204 - "http://localhost:8080/" "Mozilla/5.0 (Macintosh; Intel Mac OS X 10_12_2) AppleWebKit/537.36 (KHTML, like Gecko) Chrome/85.0.4183.102 Safari/537.36"
[2020-09-12T20:41:35.011] [INFO] access - ::1 - - "POST /api/getDataList HTTP/1.1" 200 61640 "http://localhost:8080/" "Mozilla/5.0 (iPhone; CPU iPhone OS 13_2_3 like Mac OS X) AppleWebKit/605.1.15 (KHTML, like Gecko) Version/13.0.3 Mobile/15E148 Safari/604.1"
[2020-09-12T20:42:07.961] [INFO] access - ::1 - - "OPTIONS /api/getDataList HTTP/1.1" 204 - "http://localhost:8080/" "Mozilla/5.0 (Macintosh; Intel Mac OS X 10_12_2) AppleWebKit/537.36 (KHTML, like Gecko) Chrome/85.0.4183.102 Safari/537.36"
[2020-09-12T20:42:07.991] [INFO] access - ::1 - - "POST /api/getDataList HTTP/1.1" 200 61640 "http://localhost:8080/" "Mozilla/5.0 (iPhone; CPU iPhone OS 13_2_3 like Mac OS X) AppleWebKit/605.1.15 (KHTML, like Gecko) Version/13.0.3 Mobile/15E148 Safari/604.1"
[2020-09-12T20:43:17.123] [INFO] access - ::1 - - "OPTIONS /api/getDataList HTTP/1.1" 204 - "http://localhost:8080/" "Mozilla/5.0 (Macintosh; Intel Mac OS X 10_12_2) AppleWebKit/537.36 (KHTML, like Gecko) Chrome/85.0.4183.102 Safari/537.36"
[2020-09-12T20:43:17.150] [INFO] access - ::1 - - "POST /api/getDataList HTTP/1.1" 200 61640 "http://localhost:8080/" "Mozilla/5.0 (iPhone; CPU iPhone OS 13_2_3 like Mac OS X) AppleWebKit/605.1.15 (KHTML, like Gecko) Version/13.0.3 Mobile/15E148 Safari/604.1"
